2013/07/24 22:33:37 [error] [php] json_encode(): Invalid UTF-8 sequence in argument (/Users/ZYVincent/Dropbox/huhu/PHPServers/zymobcms/protected/modules/Mobile/controllers/UserController.php:208)
Stack trace:
#0 /Users/ZYVincent/Dropbox/huhu/PHPServers/yii/framework/web/CController.php(308): CInlineAction->runWithParams()
#1 /Users/ZYVincent/Dropbox/huhu/PHPServers/yii/framework/web/filters/CFilterChain.php(133): UserController->runAction()
#2 /Users/ZYVincent/Dropbox/huhu/PHPServers/yii/framework/web/filters/CFilter.php(40): CFilterChain->run()
#3 /Users/ZYVincent/Dropbox/huhu/PHPServers/yii/framework/web/CController.php(1145): CAccessControlFilter->filter()
#4 /Users/ZYVincent/Dropbox/huhu/PHPServers/yii/framework/web/filters/CInlineFilter.php(58): UserController->filterAccessControl()
#5 /Users/ZYVincent/Dropbox/huhu/PHPServers/yii/framework/web/filters/CFilterChain.php(130): CInlineFilter->filter()
#6 /Users/ZYVincent/Dropbox/huhu/PHPServers/yii/framework/web/CController.php(291): CFilterChain->run()
#7 /Users/ZYVincent/Dropbox/huhu/PHPServers/yii/framework/web/CController.php(265): UserController->runActionWithFilters()
#8 /Users/ZYVincent/Dropbox/huhu/PHPServers/yii/framework/web/CWebApplication.php(282): UserController->run()
#9 /Users/ZYVincent/Dropbox/huhu/PHPServers/yii/framework/web/CWebApplication.php(141): CWebApplication->runController()
#10 /Users/ZYVincent/Dropbox/huhu/PHPServers/yii/framework/base/CApplication.php(169): CWebApplication->processRequest()
#11 /Users/ZYVincent/Dropbox/huhu/PHPServers/zymobcms/index.php(13): CWebApplication->run()
REQUEST_URI=/zymobcms/index.php?r=Mobile/user/rigist&user_name=Lily&password=123
in /Users/ZYVincent/Dropbox/huhu/PHPServers/zymobcms/protected/modules/Mobile/controllers/UserController.php (208)
in /Users/ZYVincent/Dropbox/huhu/PHPServers/zymobcms/index.php (13)
2013/07/24 22:34:48 [error] [php] json_encode(): Invalid UTF-8 sequence in argument (/Users/ZYVincent/Dropbox/huhu/PHPServers/zymobcms/protected/modules/Mobile/controllers/UserController.php:208)
Stack trace:
#0 /Users/ZYVincent/Dropbox/huhu/PHPServers/yii/framework/web/CController.php(308): CInlineAction->runWithParams()
#1 /Users/ZYVincent/Dropbox/huhu/PHPServers/yii/framework/web/filters/CFilterChain.php(133): UserController->runAction()
#2 /Users/ZYVincent/Dropbox/huhu/PHPServers/yii/framework/web/filters/CFilter.php(40): CFilterChain->run()
#3 /Users/ZYVincent/Dropbox/huhu/PHPServers/yii/framework/web/CController.php(1145): CAccessControlFilter->filter()
#4 /Users/ZYVincent/Dropbox/huhu/PHPServers/yii/framework/web/filters/CInlineFilter.php(58): UserController->filterAccessControl()
#5 /Users/ZYVincent/Dropbox/huhu/PHPServers/yii/framework/web/filters/CFilterChain.php(130): CInlineFilter->filter()
#6 /Users/ZYVincent/Dropbox/huhu/PHPServers/yii/framework/web/CController.php(291): CFilterChain->run()
#7 /Users/ZYVincent/Dropbox/huhu/PHPServers/yii/framework/web/CController.php(265): UserController->runActionWithFilters()
#8 /Users/ZYVincent/Dropbox/huhu/PHPServers/yii/framework/web/CWebApplication.php(282): UserController->run()
#9 /Users/ZYVincent/Dropbox/huhu/PHPServers/yii/framework/web/CWebApplication.php(141): CWebApplication->runController()
#10 /Users/ZYVincent/Dropbox/huhu/PHPServers/yii/framework/base/CApplication.php(169): CWebApplication->processRequest()
#11 /Users/ZYVincent/Dropbox/huhu/PHPServers/zymobcms/index.php(13): CWebApplication->run()
REQUEST_URI=/zymobcms/index.php?r=Mobile/user/rigist&user_name=Lily&password=123
in /Users/ZYVincent/Dropbox/huhu/PHPServers/zymobcms/protected/modules/Mobile/controllers/UserController.php (208)
in /Users/ZYVincent/Dropbox/huhu/PHPServers/zymobcms/index.php (13)
2013/07/24 23:05:50 [error] [php] json_encode(): Invalid UTF-8 sequence in argument (/Users/ZYVincent/Dropbox/huhu/PHPServers/zymobcms/protected/modules/Mobile/controllers/UserController.php:208)
Stack trace:
#0 /Users/ZYVincent/Dropbox/huhu/PHPServers/yii/framework/web/CController.php(308): CInlineAction->runWithParams()
#1 /Users/ZYVincent/Dropbox/huhu/PHPServers/yii/framework/web/filters/CFilterChain.php(133): UserController->runAction()
#2 /Users/ZYVincent/Dropbox/huhu/PHPServers/yii/framework/web/filters/CFilter.php(40): CFilterChain->run()
#3 /Users/ZYVincent/Dropbox/huhu/PHPServers/yii/framework/web/CController.php(1145): CAccessControlFilter->filter()
#4 /Users/ZYVincent/Dropbox/huhu/PHPServers/yii/framework/web/filters/CInlineFilter.php(58): UserController->filterAccessControl()
#5 /Users/ZYVincent/Dropbox/huhu/PHPServers/yii/framework/web/filters/CFilterChain.php(130): CInlineFilter->filter()
#6 /Users/ZYVincent/Dropbox/huhu/PHPServers/yii/framework/web/CController.php(291): CFilterChain->run()
#7 /Users/ZYVincent/Dropbox/huhu/PHPServers/yii/framework/web/CController.php(265): UserController->runActionWithFilters()
#8 /Users/ZYVincent/Dropbox/huhu/PHPServers/yii/framework/web/CWebApplication.php(282): UserController->run()
#9 /Users/ZYVincent/Dropbox/huhu/PHPServers/yii/framework/web/CWebApplication.php(141): CWebApplication->runController()
#10 /Users/ZYVincent/Dropbox/huhu/PHPServers/yii/framework/base/CApplication.php(169): CWebApplication->processRequest()
#11 /Users/ZYVincent/Dropbox/huhu/PHPServers/zymobcms/index.php(13): CWebApplication->run()
REQUEST_URI=/zymobcms/index.php?r=Mobile/user/rigist&user_name=Lily&password=123
in /Users/ZYVincent/Dropbox/huhu/PHPServers/zymobcms/protected/modules/Mobile/controllers/UserController.php (208)
in /Users/ZYVincent/Dropbox/huhu/PHPServers/zymobcms/index.php (13)
2013/07/24 23:05:53 [error] [php] json_encode(): Invalid UTF-8 sequence in argument (/Users/ZYVincent/Dropbox/huhu/PHPServers/zymobcms/protected/modules/Mobile/controllers/UserController.php:208)
Stack trace:
#0 /Users/ZYVincent/Dropbox/huhu/PHPServers/yii/framework/web/CController.php(308): CInlineAction->runWithParams()
#1 /Users/ZYVincent/Dropbox/huhu/PHPServers/yii/framework/web/filters/CFilterChain.php(133): UserController->runAction()
#2 /Users/ZYVincent/Dropbox/huhu/PHPServers/yii/framework/web/filters/CFilter.php(40): CFilterChain->run()
#3 /Users/ZYVincent/Dropbox/huhu/PHPServers/yii/framework/web/CController.php(1145): CAccessControlFilter->filter()
#4 /Users/ZYVincent/Dropbox/huhu/PHPServers/yii/framework/web/filters/CInlineFilter.php(58): UserController->filterAccessControl()
#5 /Users/ZYVincent/Dropbox/huhu/PHPServers/yii/framework/web/filters/CFilterChain.php(130): CInlineFilter->filter()
#6 /Users/ZYVincent/Dropbox/huhu/PHPServers/yii/framework/web/CController.php(291): CFilterChain->run()
#7 /Users/ZYVincent/Dropbox/huhu/PHPServers/yii/framework/web/CController.php(265): UserController->runActionWithFilters()
#8 /Users/ZYVincent/Dropbox/huhu/PHPServers/yii/framework/web/CWebApplication.php(282): UserController->run()
#9 /Users/ZYVincent/Dropbox/huhu/PHPServers/yii/framework/web/CWebApplication.php(141): CWebApplication->runController()
#10 /Users/ZYVincent/Dropbox/huhu/PHPServers/yii/framework/base/CApplication.php(169): CWebApplication->processRequest()
#11 /Users/ZYVincent/Dropbox/huhu/PHPServers/zymobcms/index.php(13): CWebApplication->run()
REQUEST_URI=/zymobcms/index.php?r=Mobile/user/rigist&user_name=Lily&password=123
in /Users/ZYVincent/Dropbox/huhu/PHPServers/zymobcms/protected/modules/Mobile/controllers/UserController.php (208)
in /Users/ZYVincent/Dropbox/huhu/PHPServers/zymobcms/index.php (13)
2013/07/24 23:06:51 [error] [php] json_encode(): Invalid UTF-8 sequence in argument (/Users/ZYVincent/Dropbox/huhu/PHPServers/zymobcms/protected/modules/Mobile/controllers/UserController.php:208)
Stack trace:
#0 /Users/ZYVincent/Dropbox/huhu/PHPServers/yii/framework/web/CController.php(308): CInlineAction->runWithParams()
#1 /Users/ZYVincent/Dropbox/huhu/PHPServers/yii/framework/web/filters/CFilterChain.php(133): UserController->runAction()
#2 /Users/ZYVincent/Dropbox/huhu/PHPServers/yii/framework/web/filters/CFilter.php(40): CFilterChain->run()
#3 /Users/ZYVincent/Dropbox/huhu/PHPServers/yii/framework/web/CController.php(1145): CAccessControlFilter->filter()
#4 /Users/ZYVincent/Dropbox/huhu/PHPServers/yii/framework/web/filters/CInlineFilter.php(58): UserController->filterAccessControl()
#5 /Users/ZYVincent/Dropbox/huhu/PHPServers/yii/framework/web/filters/CFilterChain.php(130): CInlineFilter->filter()
#6 /Users/ZYVincent/Dropbox/huhu/PHPServers/yii/framework/web/CController.php(291): CFilterChain->run()
#7 /Users/ZYVincent/Dropbox/huhu/PHPServers/yii/framework/web/CController.php(265): UserController->runActionWithFilters()
#8 /Users/ZYVincent/Dropbox/huhu/PHPServers/yii/framework/web/CWebApplication.php(282): UserController->run()
#9 /Users/ZYVincent/Dropbox/huhu/PHPServers/yii/framework/web/CWebApplication.php(141): CWebApplication->runController()
#10 /Users/ZYVincent/Dropbox/huhu/PHPServers/yii/framework/base/CApplication.php(169): CWebApplication->processRequest()
#11 /Users/ZYVincent/Dropbox/huhu/PHPServers/zymobcms/index.php(13): CWebApplication->run()
REQUEST_URI=/zymobcms/index.php?r=Mobile/user/rigist&user_name=jack&password=123
in /Users/ZYVincent/Dropbox/huhu/PHPServers/zymobcms/protected/modules/Mobile/controllers/UserController.php (208)
in /Users/ZYVincent/Dropbox/huhu/PHPServers/zymobcms/index.php (13)
